<?xml version="1.0" encoding="UTF-8"?>
<!-- Generated by org.testng.reporters.JUnitReportReporter -->
<testsuite hostname="GVG-111" failures="0" tests="1" name="Goavega.SignIn" time="0.024" errors="0" timestamp="2024-02-29T16:49:48 IST" skipped="0">
  <testcase classname="Goavega.SignIn" name="SignIn" time="0.024"/>
</testsuite> <!-- Goavega.SignIn -->
